# JRE version: Java(TM) SE Runtime Environment (8.0_05-b13) (build 1.8.0_05-b13)
# Java VM: Java HotSpot(TM) 64-Bit Server VM (25.5-b02 mixed mode windows-amd64 compressed oops)
Heap:
 PSYoungGen      total 107008K, used 35160K [0x00000000eab00000, 0x00000000f4a80000, 0x0000000100000000)
  eden space 93184K, 23% used [0x00000000eab00000,0x00000000ec0066a8,0x00000000f0600000)
  from space 13824K, 98% used [0x00000000f0600000,0x00000000f134fd28,0x00000000f1380000)
  to   space 16384K, 0% used [0x00000000f3a80000,0x00000000f3a80000,0x00000000f4a80000)
 ParOldGen       total 96768K, used 57362K [0x00000000c0000000, 0x00000000c5e80000, 0x00000000eab00000)
  object space 96768K, 59% used [0x00000000c0000000,0x00000000c38049b0,0x00000000c5e80000)
 Metaspace       used 6245K, capacity 7128K, committed 7424K, reserved 1056768K
  class space    used 616K, capacity 656K, committed 768K, reserved 1048576K
GC Heap History (10 events):
Event: 3.608 GC heap before
{Heap before GC invocations=17 (full 0):
 PSYoungGen      total 55296K, used 53376K [0x00000000eab00000, 0x00000000ee900000, 0x0000000100000000)
  eden space 48640K, 100% used [0x00000000eab00000,0x00000000eda80000,0x00000000eda80000)
  from space 6656K, 71% used [0x00000000ee180000,0x00000000ee620000,0x00000000ee800000)
  to   space 7168K, 0% used [0x00000000eda80000,0x00000000eda80000,0x00000000ee180000)
 ParOldGen       total 96768K, used 19201K [0x00000000c0000000, 0x00000000c5e80000, 0x00000000eab00000)
  object space 96768K, 19% used [0x00000000c0000000,0x00000000c12c07e0,0x00000000c5e80000)
 Metaspace       used 6026K, capacity 7024K, committed 7296K, reserved 1056768K
  class space    used 589K, capacity 616K, committed 640K, reserved 1048576K
Event: 3.647 GC heap after
Heap after GC invocations=17 (full 0):
 PSYoungGen      total 55808K, used 7136K [0x00000000eab00000, 0x00000000f0180000, 0x0000000100000000)
  eden space 48640K, 0% used [0x00000000eab00000,0x00000000eab00000,0x00000000eda80000)
  from space 7168K, 99% used [0x00000000eda80000,0x00000000ee1783a8,0x00000000ee180000)
  to   space 10240K, 0% used [0x00000000ef780000,0x00000000ef780000,0x00000000f0180000)
 ParOldGen       total 96768K, used 24177K [0x00000000c0000000, 0x00000000c5e80000, 0x00000000eab00000)
  object space 96768K, 24% used [0x00000000c0000000,0x00000000c179c5c0,0x00000000c5e80000)
 Metaspace       used 6026K, capacity 7024K, committed 7296K, reserved 1056768K
  class space    used 589K, capacity 616K, committed 640K, reserved 1048576K
}
Event: 4.071 GC heap before
{Heap before GC invocations=18 (full 0):
 PSYoungGen      total 55808K, used 55776K [0x00000000eab00000, 0x00000000f0180000, 0x0000000100000000)
  eden space 48640K, 100% used [0x00000000eab00000,0x00000000eda80000,0x00000000eda80000)
  from space 7168K, 99% used [0x00000000eda80000,0x00000000ee1783a8,0x00000000ee180000)
  to   space 10240K, 0% used [0x00000000ef780000,0x00000000ef780000,0x00000000f0180000)
 ParOldGen       total 96768K, used 24177K [0x00000000c0000000, 0x00000000c5e80000, 0x00000000eab00000)
  object space 96768K, 24% used [0x00000000c0000000,0x00000000c179c5c0,0x00000000c5e80000)
 Metaspace       used 6033K, capacity 7024K, committed 7296K, reserved 1056768K
  class space    used 589K, capacity 616K, committed 640K, reserved 1048576K
Event: 4.104 GC heap after
Heap after GC invocations=18 (full 0):
 PSYoungGen      total 77312K, used 7762K [0x00000000eab00000, 0x00000000f0380000, 0x0000000100000000)
  eden space 67072K, 0% used [0x00000000eab00000,0x00000000eab00000,0x00000000eec80000)
  from space 10240K, 75% used [0x00000000ef780000,0x00000000eff14bf0,0x00000000f0180000)
  to   space 11264K, 0% used [0x00000000eec80000,0x00000000eec80000,0x00000000ef780000)
 ParOldGen       total 96768K, used 31245K [0x00000000c0000000, 0x00000000c5e80000, 0x00000000eab00000)
  object space 96768K, 32% used [0x00000000c0000000,0x00000000c1e83728,0x00000000c5e80000)
 Metaspace       used 6033K, capacity 7024K, committed 7296K, reserved 1056768K
  class space    used 589K, capacity 616K, committed 640K, reserved 1048576K
}
Event: 4.760 GC heap before
{Heap before GC invocations=19 (full 0):
 PSYoungGen      total 77312K, used 74834K [0x00000000eab00000, 0x00000000f0380000, 0x0000000100000000)
  eden space 67072K, 100% used [0x00000000eab00000,0x00000000eec80000,0x00000000eec80000)
  from space 10240K, 75% used [0x00000000ef780000,0x00000000eff14bf0,0x00000000f0180000)
  to   space 11264K, 0% used [0x00000000eec80000,0x00000000eec80000,0x00000000ef780000)
 ParOldGen       total 96768K, used 31245K [0x00000000c0000000, 0x00000000c5e80000, 0x00000000eab00000)
  object space 96768K, 32% used [0x00000000c0000000,0x00000000c1e83728,0x00000000c5e80000)
 Metaspace       used 6141K, capacity 7032K, committed 7296K, reserved 1056768K
  class space    used 610K, capacity 624K, committed 640K, reserved 1048576K
Event: 4.802 GC heap after
Heap after GC invocations=19 (full 0):
 PSYoungGen      total 78336K, used 10595K [0x00000000eab00000, 0x00000000f2000000, 0x0000000100000000)
  eden space 67072K, 0% used [0x00000000eab00000,0x00000000eab00000,0x00000000eec80000)
  from space 11264K, 94% used [0x00000000eec80000,0x00000000ef6d8df0,0x00000000ef780000)
  to   space 12800K, 0% used [0x00000000f1380000,0x00000000f1380000,0x00000000f2000000)
 ParOldGen       total 96768K, used 38605K [0x00000000c0000000, 0x00000000c5e80000, 0x00000000eab00000)
  object space 96768K, 39% used [0x00000000c0000000,0x00000000c25b3458,0x00000000c5e80000)
 Metaspace       used 6141K, capacity 7032K, committed 7296K, reserved 1056768K
  class space    used 610K, capacity 624K, committed 640K, reserved 1048576K
}
Event: 5.860 GC heap before
{Heap before GC invocations=20 (full 0):
 PSYoungGen      total 78336K, used 77667K [0x00000000eab00000, 0x00000000f2000000, 0x0000000100000000)
  eden space 67072K, 100% used [0x00000000eab00000,0x00000000eec80000,0x00000000eec80000)
  from space 11264K, 94% used [0x00000000eec80000,0x00000000ef6d8df0,0x00000000ef780000)
  to   space 12800K, 0% used [0x00000000f1380000,0x00000000f1380000,0x00000000f2000000)
 ParOldGen       total 96768K, used 38605K [0x00000000c0000000, 0x00000000c5e80000, 0x00000000eab00000)
  object space 96768K, 39% used [0x00000000c0000000,0x00000000c25b3458,0x00000000c5e80000)
 Metaspace       used 6149K, capacity 7032K, committed 7296K, reserved 1056768K
  class space    used 610K, capacity 624K, committed 640K, reserved 1048576K
Event: 6.110 GC heap after
Heap after GC invocations=20 (full 0):
 PSYoungGen      total 105984K, used 9692K [0x00000000eab00000, 0x00000000f2200000, 0x0000000100000000)
  eden space 93184K, 0% used [0x00000000eab00000,0x00000000eab00000,0x00000000f0600000)
  from space 12800K, 75% used [0x00000000f1380000,0x00000000f1cf7218,0x00000000f2000000)
  to   space 13824K, 0% used [0x00000000f0600000,0x00000000f0600000,0x00000000f1380000)
 ParOldGen       total 96768K, used 48277K [0x00000000c0000000, 0x00000000c5e80000, 0x00000000eab00000)
  object space 96768K, 49% used [0x00000000c0000000,0x00000000c2f25658,0x00000000c5e80000)
 Metaspace       used 6149K, capacity 7032K, committed 7296K, reserved 1056768K
  class space    used 610K, capacity 624K, committed 640K, reserved 1048576K
}
Event: 10.342 GC heap before
{Heap before GC invocations=21 (full 0):
 PSYoungGen      total 105984K, used 102876K [0x00000000eab00000, 0x00000000f2200000, 0x0000000100000000)
  eden space 93184K, 100% used [0x00000000eab00000,0x00000000f0600000,0x00000000f0600000)
  from space 12800K, 75% used [0x00000000f1380000,0x00000000f1cf7218,0x00000000f2000000)
  to   space 13824K, 0% used [0x00000000f0600000,0x00000000f0600000,0x00000000f1380000)
 ParOldGen       total 96768K, used 48277K [0x00000000c0000000, 0x00000000c5e80000, 0x00000000eab00000)
  object space 96768K, 49% used [0x00000000c0000000,0x00000000c2f25658,0x00000000c5e80000)
 Metaspace       used 6167K, capacity 7064K, committed 7424K, reserved 1056768K
  class space    used 612K, capacity 656K, committed 768K, reserved 1048576K
Event: 10.438 GC heap after
Heap after GC invocations=21 (full 0):
 PSYoungGen      total 107008K, used 13631K [0x00000000eab00000, 0x00000000f4a80000, 0x0000000100000000)
  eden space 93184K, 0% used [0x00000000eab00000,0x00000000eab00000,0x00000000f0600000)
  from space 13824K, 98% used [0x00000000f0600000,0x00000000f134fd28,0x00000000f1380000)
  to   space 16384K, 0% used [0x00000000f3a80000,0x00000000f3a80000,0x00000000f4a80000)
 ParOldGen       total 96768K, used 57362K [0x00000000c0000000, 0x00000000c5e80000, 0x00000000eab00000)
  object space 96768K, 59% used [0x00000000c0000000,0x00000000c38049b0,0x00000000c5e80000)
 Metaspace       used 6167K, capacity 7064K, committed 7424K, reserved 1056768K
  class space    used 612K, capacity 656K, committed 768K, reserved 1048576K
}

