# JRE version: Java(TM) SE Runtime Environment (8.0_05-b13) (build 1.8.0_05-b13)
# Java VM: Java HotSpot(TM) 64-Bit Server VM (25.5-b02 mixed mode windows-amd64 compressed oops)
Heap:
 PSYoungGen      total 108032K, used 41074K [0x00000000eab00000, 0x00000000f2600000, 0x0000000100000000)
  eden space 93184K, 32% used [0x00000000eab00000,0x00000000ec8bc828,0x00000000f0600000)
  from space 14848K, 71% used [0x00000000f1580000,0x00000000f1fe0000,0x00000000f2400000)
  to   space 15872K, 0% used [0x00000000f0600000,0x00000000f0600000,0x00000000f1580000)
 ParOldGen       total 96768K, used 63259K [0x00000000c0000000, 0x00000000c5e80000, 0x00000000eab00000)
  object space 96768K, 65% used [0x00000000c0000000,0x00000000c3dc6ec0,0x00000000c5e80000)
 Metaspace       used 6135K, capacity 7088K, committed 7296K, reserved 1056768K
  class space    used 597K, capacity 616K, committed 640K, reserved 1048576K
GC Heap History (10 events):
Event: 8.105 GC heap before
{Heap before GC invocations=20 (full 0):
 PSYoungGen      total 40448K, used 40448K [0x00000000eab00000, 0x00000000eeb00000, 0x0000000100000000)
  eden space 34816K, 100% used [0x00000000eab00000,0x00000000ecd00000,0x00000000ecd00000)
  from space 5632K, 100% used [0x00000000ecd00000,0x00000000ed280000,0x00000000ed280000)
  to   space 8192K, 0% used [0x00000000ee300000,0x00000000ee300000,0x00000000eeb00000)
 ParOldGen       total 96768K, used 24876K [0x00000000c0000000, 0x00000000c5e80000, 0x00000000eab00000)
  object space 96768K, 25% used [0x00000000c0000000,0x00000000c184b088,0x00000000c5e80000)
 Metaspace       used 5974K, capacity 7024K, committed 7296K, reserved 1056768K
  class space    used 590K, capacity 616K, committed 640K, reserved 1048576K
Event: 8.138 GC heap after
Heap after GC invocations=20 (full 0):
 PSYoungGen      total 56832K, used 5857K [0x00000000eab00000, 0x00000000eec00000, 0x0000000100000000)
  eden space 48640K, 0% used [0x00000000eab00000,0x00000000eab00000,0x00000000eda80000)
  from space 8192K, 71% used [0x00000000ee300000,0x00000000ee8b8510,0x00000000eeb00000)
  to   space 8704K, 0% used [0x00000000eda80000,0x00000000eda80000,0x00000000ee300000)
 ParOldGen       total 96768K, used 30524K [0x00000000c0000000, 0x00000000c5e80000, 0x00000000eab00000)
  object space 96768K, 31% used [0x00000000c0000000,0x00000000c1dcf310,0x00000000c5e80000)
 Metaspace       used 5974K, capacity 7024K, committed 7296K, reserved 1056768K
  class space    used 590K, capacity 616K, committed 640K, reserved 1048576K
}
Event: 10.861 GC heap before
{Heap before GC invocations=21 (full 0):
 PSYoungGen      total 56832K, used 54497K [0x00000000eab00000, 0x00000000eec00000, 0x0000000100000000)
  eden space 48640K, 100% used [0x00000000eab00000,0x00000000eda80000,0x00000000eda80000)
  from space 8192K, 71% used [0x00000000ee300000,0x00000000ee8b8510,0x00000000eeb00000)
  to   space 8704K, 0% used [0x00000000eda80000,0x00000000eda80000,0x00000000ee300000)
 ParOldGen       total 96768K, used 30524K [0x00000000c0000000, 0x00000000c5e80000, 0x00000000eab00000)
  object space 96768K, 31% used [0x00000000c0000000,0x00000000c1dcf310,0x00000000c5e80000)
 Metaspace       used 5979K, capacity 7024K, committed 7296K, reserved 1056768K
  class space    used 591K, capacity 616K, committed 640K, reserved 1048576K
Event: 12.452 GC heap after
Heap after GC invocations=21 (full 0):
 PSYoungGen      total 57344K, used 8675K [0x00000000eab00000, 0x00000000f0580000, 0x0000000100000000)
  eden space 48640K, 0% used [0x00000000eab00000,0x00000000eab00000,0x00000000eda80000)
  from space 8704K, 99% used [0x00000000eda80000,0x00000000ee2f8cd8,0x00000000ee300000)
  to   space 12288K, 0% used [0x00000000ef980000,0x00000000ef980000,0x00000000f0580000)
 ParOldGen       total 96768K, used 36090K [0x00000000c0000000, 0x00000000c5e80000, 0x00000000eab00000)
  object space 96768K, 37% used [0x00000000c0000000,0x00000000c233ea88,0x00000000c5e80000)
 Metaspace       used 5979K, capacity 7024K, committed 7296K, reserved 1056768K
  class space    used 591K, capacity 616K, committed 640K, reserved 1048576K
}
Event: 18.351 GC heap before
{Heap before GC invocations=22 (full 0):
 PSYoungGen      total 57344K, used 57315K [0x00000000eab00000, 0x00000000f0580000, 0x0000000100000000)
  eden space 48640K, 100% used [0x00000000eab00000,0x00000000eda80000,0x00000000eda80000)
  from space 8704K, 99% used [0x00000000eda80000,0x00000000ee2f8cd8,0x00000000ee300000)
  to   space 12288K, 0% used [0x00000000ef980000,0x00000000ef980000,0x00000000f0580000)
 ParOldGen       total 96768K, used 36090K [0x00000000c0000000, 0x00000000c5e80000, 0x00000000eab00000)
  object space 96768K, 37% used [0x00000000c0000000,0x00000000c233ea88,0x00000000c5e80000)
 Metaspace       used 6027K, capacity 7024K, committed 7296K, reserved 1056768K
  class space    used 591K, capacity 616K, committed 640K, reserved 1048576K
Event: 18.715 GC heap after
Heap after GC invocations=22 (full 0):
 PSYoungGen      total 79360K, used 8765K [0x00000000eab00000, 0x00000000f0780000, 0x0000000100000000)
  eden space 67072K, 0% used [0x00000000eab00000,0x00000000eab00000,0x00000000eec80000)
  from space 12288K, 71% used [0x00000000ef980000,0x00000000f020f4c8,0x00000000f0580000)
  to   space 13312K, 0% used [0x00000000eec80000,0x00000000eec80000,0x00000000ef980000)
 ParOldGen       total 96768K, used 44171K [0x00000000c0000000, 0x00000000c5e80000, 0x00000000eab00000)
  object space 96768K, 45% used [0x00000000c0000000,0x00000000c2b22fb8,0x00000000c5e80000)
 Metaspace       used 6027K, capacity 7024K, committed 7296K, reserved 1056768K
  class space    used 591K, capacity 616K, committed 640K, reserved 1048576K
}
Event: 21.022 GC heap before
{Heap before GC invocations=23 (full 0):
 PSYoungGen      total 79360K, used 75837K [0x00000000eab00000, 0x00000000f0780000, 0x0000000100000000)
  eden space 67072K, 100% used [0x00000000eab00000,0x00000000eec80000,0x00000000eec80000)
  from space 12288K, 71% used [0x00000000ef980000,0x00000000f020f4c8,0x00000000f0580000)
  to   space 13312K, 0% used [0x00000000eec80000,0x00000000eec80000,0x00000000ef980000)
 ParOldGen       total 96768K, used 44171K [0x00000000c0000000, 0x00000000c5e80000, 0x00000000eab00000)
  object space 96768K, 45% used [0x00000000c0000000,0x00000000c2b22fb8,0x00000000c5e80000)
 Metaspace       used 6044K, capacity 7024K, committed 7296K, reserved 1056768K
  class space    used 593K, capacity 616K, committed 640K, reserved 1048576K
Event: 21.341 GC heap after
Heap after GC invocations=23 (full 0):
 PSYoungGen      total 80384K, used 11301K [0x00000000eab00000, 0x00000000f2400000, 0x0000000100000000)
  eden space 67072K, 0% used [0x00000000eab00000,0x00000000eab00000,0x00000000eec80000)
  from space 13312K, 84% used [0x00000000eec80000,0x00000000ef789628,0x00000000ef980000)
  to   space 14848K, 0% used [0x00000000f1580000,0x00000000f1580000,0x00000000f2400000)
 ParOldGen       total 96768K, used 52449K [0x00000000c0000000, 0x00000000c5e80000, 0x00000000eab00000)
  object space 96768K, 54% used [0x00000000c0000000,0x00000000c33387a8,0x00000000c5e80000)
 Metaspace       used 6044K, capacity 7024K, committed 7296K, reserved 1056768K
  class space    used 593K, capacity 616K, committed 640K, reserved 1048576K
}
Event: 25.304 GC heap before
{Heap before GC invocations=24 (full 0):
 PSYoungGen      total 80384K, used 78373K [0x00000000eab00000, 0x00000000f2400000, 0x0000000100000000)
  eden space 67072K, 100% used [0x00000000eab00000,0x00000000eec80000,0x00000000eec80000)
  from space 13312K, 84% used [0x00000000eec80000,0x00000000ef789628,0x00000000ef980000)
  to   space 14848K, 0% used [0x00000000f1580000,0x00000000f1580000,0x00000000f2400000)
 ParOldGen       total 96768K, used 52449K [0x00000000c0000000, 0x00000000c5e80000, 0x00000000eab00000)
  object space 96768K, 54% used [0x00000000c0000000,0x00000000c33387a8,0x00000000c5e80000)
 Metaspace       used 6047K, capacity 7024K, committed 7296K, reserved 1056768K
  class space    used 593K, capacity 616K, committed 640K, reserved 1048576K
Event: 25.642 GC heap after
Heap after GC invocations=24 (full 0):
 PSYoungGen      total 108032K, used 10624K [0x00000000eab00000, 0x00000000f2600000, 0x0000000100000000)
  eden space 93184K, 0% used [0x00000000eab00000,0x00000000eab00000,0x00000000f0600000)
  from space 14848K, 71% used [0x00000000f1580000,0x00000000f1fe0000,0x00000000f2400000)
  to   space 15872K, 0% used [0x00000000f0600000,0x00000000f0600000,0x00000000f1580000)
 ParOldGen       total 96768K, used 63259K [0x00000000c0000000, 0x00000000c5e80000, 0x00000000eab00000)
  object space 96768K, 65% used [0x00000000c0000000,0x00000000c3dc6ec0,0x00000000c5e80000)
 Metaspace       used 6047K, capacity 7024K, committed 7296K, reserved 1056768K
  class space    used 593K, capacity 616K, committed 640K, reserved 1048576K
}

